[debug] [2025-05-28T19:30:30.244Z] ----------------------------------------------------------------------
[debug] [2025-05-28T19:30:30.246Z] Command:       C:\nvm4w\nodejs\node.exe C:\Users\diego\AppData\Roaming\npm\node_modules\firebase-tools\lib\bin\firebase.js emulators:start --only functions
[debug] [2025-05-28T19:30:30.246Z] CLI Version:   14.4.0
[debug] [2025-05-28T19:30:30.246Z] Platform:      win32
[debug] [2025-05-28T19:30:30.246Z] Node Version:  v20.19.2
[debug] [2025-05-28T19:30:30.247Z] Time:          Wed May 28 2025 12:30:30 GMT-0700 (hora estándar del Pacífico de México)
[debug] [2025-05-28T19:30:30.247Z] ----------------------------------------------------------------------
[debug] 
[debug] [2025-05-28T19:30:30.514Z] > command requires scopes: ["email","openid","https://www.googleapis.com/auth/cloudplatformprojects.readonly","https://www.googleapis.com/auth/firebase","https://www.googleapis.com/auth/cloud-platform"]
[debug] [2025-05-28T19:30:30.514Z] > authorizing via signed-in user (entanga030@gmail.com)
[info] i  emulators: Starting emulators: functions {"metadata":{"emulator":{"name":"hub"},"message":"Starting emulators: functions"}}
[debug] [2025-05-28T19:30:30.525Z] [logging] Logging Emulator only supports listening on one address (127.0.0.1). Not listening on ::1
[debug] [2025-05-28T19:30:30.525Z] assigned listening specs for emulators {"user":{"hub":[{"address":"127.0.0.1","family":"IPv4","port":4400},{"address":"::1","family":"IPv6","port":4400}],"ui":[{"address":"127.0.0.1","family":"IPv4","port":4000},{"address":"::1","family":"IPv6","port":4000}],"logging":[{"address":"127.0.0.1","family":"IPv4","port":4500}]},"metadata":{"message":"assigned listening specs for emulators"}}
[debug] [2025-05-28T19:30:30.530Z] [hub] writing locator at C:\Users\diego\AppData\Local\Temp\hub-app-escaner-8ae18.json
[debug] [2025-05-28T19:30:30.550Z] [functions] Functions Emulator only supports listening on one address (127.0.0.1). Not listening on ::1
[debug] [2025-05-28T19:30:30.550Z] [eventarc] Eventarc Emulator only supports listening on one address (127.0.0.1). Not listening on ::1
[debug] [2025-05-28T19:30:30.550Z] [tasks] Cloud Tasks Emulator only supports listening on one address (127.0.0.1). Not listening on ::1
[debug] [2025-05-28T19:30:30.550Z] late-assigned ports for functions and eventarc emulators {"user":{"hub":[{"address":"127.0.0.1","family":"IPv4","port":4400},{"address":"::1","family":"IPv6","port":4400}],"ui":[{"address":"127.0.0.1","family":"IPv4","port":4000},{"address":"::1","family":"IPv6","port":4000}],"logging":[{"address":"127.0.0.1","family":"IPv4","port":4500}],"functions":[{"address":"127.0.0.1","family":"IPv4","port":5001}],"eventarc":[{"address":"127.0.0.1","family":"IPv4","port":9299}],"tasks":[{"address":"127.0.0.1","family":"IPv4","port":9499}]},"metadata":{"message":"late-assigned ports for functions and eventarc emulators"}}
[warn] !  functions: The following emulators are not running, calls to these services from the Functions emulator will affect production: apphosting, auth, firestore, database, hosting, pubsub, storage, dataconnect {"metadata":{"emulator":{"name":"functions"},"message":"The following emulators are not running, calls to these services from the Functions emulator will affect production: \u001b[1mapphosting, auth, firestore, database, hosting, pubsub, storage, dataconnect\u001b[22m"}}
[debug] [2025-05-28T19:30:30.563Z] defaultcredentials: writing to file C:\Users\diego\AppData\Roaming\firebase\entanga030_gmail_com_application_default_credentials.json
[debug] [2025-05-28T19:30:30.565Z] Setting GAC to C:\Users\diego\AppData\Roaming\firebase\entanga030_gmail_com_application_default_credentials.json {"metadata":{"emulator":{"name":"functions"},"message":"Setting GAC to C:\\Users\\diego\\AppData\\Roaming\\firebase\\entanga030_gmail_com_application_default_credentials.json"}}
[debug] [2025-05-28T19:30:30.566Z] Checked if tokens are valid: true, expires at: 1748463747083
[debug] [2025-05-28T19:30:30.566Z] Checked if tokens are valid: true, expires at: 1748463747083
[debug] [2025-05-28T19:30:30.567Z] >>> [apiv2][query] GET https://firebase.googleapis.com/v1beta1/projects/app-escaner-8ae18/adminSdkConfig [none]
[debug] [2025-05-28T19:30:31.048Z] <<< [apiv2][status] GET https://firebase.googleapis.com/v1beta1/projects/app-escaner-8ae18/adminSdkConfig 200
[debug] [2025-05-28T19:30:31.048Z] <<< [apiv2][body] GET https://firebase.googleapis.com/v1beta1/projects/app-escaner-8ae18/adminSdkConfig {"projectId":"app-escaner-8ae18","databaseURL":"https://app-escaner-8ae18-default-rtdb.firebaseio.com","storageBucket":"app-escaner-8ae18.firebasestorage.app"}
[info] i  functions: Watching "D:\RESIDENCIAS11\app-escaner\functions" for Cloud Functions... {"metadata":{"emulator":{"name":"functions"},"message":"Watching \"D:\\RESIDENCIAS11\\app-escaner\\functions\" for Cloud Functions..."}}
[debug] [2025-05-28T19:30:31.080Z] Validating nodejs source
[debug] [2025-05-28T19:30:32.024Z] > [functions] package.json contents: {
  "name": "functions",
  "description": "Cloud Functions for Firebase",
  "scripts": {
    "lint": "eslint . --fix",
    "lint:check": "eslint .",
    "serve": "firebase emulators:start --only functions",
    "shell": "firebase functions:shell",
    "start": "npm run shell",
    "deploy": "firebase deploy --only functions",
    "logs": "firebase functions:log",
    "test": "mocha"
  },
  "engines": {
    "node": "22"
  },
  "main": "index.js",
  "dependencies": {
    "axios": "^1.9.0",
    "canvas": "^3.1.0",
    "faker": "^5.5.3",
    "firebase-admin": "^12.7.0",
    "firebase-functions": "^6.3.2",
    "jimp": "^1.6.0"
  },
  "devDependencies": {
    "@typescript-eslint/eslint-plugin": "^8.33.0",
    "@typescript-eslint/parser": "^8.33.0",
    "eslint": "^8.57.1",
    "eslint-config-google": "^0.14.0",
    "eslint-plugin-mocha": "^10.1.0",
    "firebase-functions-test": "^3.1.0",
    "mocha": "^10.4.0"
  },
  "private": true
}
[debug] [2025-05-28T19:30:32.024Z] Building nodejs source
[debug] [2025-05-28T19:30:32.025Z] Failed to find version of module node: reached end of search path D:\RESIDENCIAS11\app-escaner\functions\node_modules
[warn] !  functions: Your requested "node" version "22" doesn't match your global version "20". Using node@20 from host. 
[debug] [2025-05-28T19:30:32.029Z] Could not find functions.yaml. Must use http discovery
[debug] [2025-05-28T19:30:32.037Z] Found firebase-functions binary at 'D:\RESIDENCIAS11\app-escaner\functions\node_modules\.bin\firebase-functions'
[info] Serving at port 8420

[debug] [2025-05-28T19:30:33.320Z] Got response from /__/functions.yaml {"endpoints":{"calificarExamen":{"availableMemoryMb":null,"timeoutSeconds":null,"minInstances":null,"maxInstances":null,"ingressSettings":null,"concurrency":null,"serviceAccountEmail":null,"vpc":null,"platform":"gcfv2","labels":{},"callableTrigger":{},"entryPoint":"calificarExamen"}},"specVersion":"v1alpha1","requiredAPIs":[],"extensions":{}}
[info] +  functions: Loaded functions definitions from source: calificarExamen. {"metadata":{"emulator":{"name":"functions"},"message":"Loaded functions definitions from source: calificarExamen."}}
[info] +  functions[us-central1-calificarExamen]: http function initialized (http://127.0.0.1:5001/app-escaner-8ae18/us-central1/calificarExamen). {"metadata":{"emulator":{"name":"functions"},"message":"\u001b[1mhttp\u001b[22m function initialized (http://127.0.0.1:5001/app-escaner-8ae18/us-central1/calificarExamen)."}}
[debug] [2025-05-28T19:30:37.365Z] Could not find VSCode notification endpoint: FetchError: request to http://localhost:40001/vscode/notify failed, reason: . If you are not running the Firebase Data Connect VSCode extension, this is expected and not an issue.
[info] 
┌─────────────────────────────────────────────────────────────┐
│ ✔  All emulators ready! It is now safe to connect your app. │
│ i  View Emulator UI at http://127.0.0.1:4000/               │
└─────────────────────────────────────────────────────────────┘

┌───────────┬────────────────┬─────────────────────────────────┐
│ Emulator  │ Host:Port      │ View in Emulator UI             │
├───────────┼────────────────┼─────────────────────────────────┤
│ Functions │ 127.0.0.1:5001 │ http://127.0.0.1:4000/functions │
└───────────┴────────────────┴─────────────────────────────────┘
  Emulator Hub host: 127.0.0.1 port: 4400
  Other reserved ports: 4500

Issues? Report them at https://github.com/firebase/firebase-tools/issues and attach the *-debug.log files.
 
[debug] [2025-05-28T19:30:42.182Z] [work-queue] {"queuedWork":["/app-escaner-8ae18/us-central1/calificarExamen-2025-05-28T19:30:42.182Z"],"queueLength":1,"runningWork":[],"workRunningCount":0}
[debug] [2025-05-28T19:30:42.182Z] [work-queue] {"queuedWork":[],"queueLength":0,"runningWork":["/app-escaner-8ae18/us-central1/calificarExamen-2025-05-28T19:30:42.182Z"],"workRunningCount":1}
[debug] [2025-05-28T19:30:42.183Z] Accepted request POST /app-escaner-8ae18/us-central1/calificarExamen --> us-central1-calificarExamen
[debug] [2025-05-28T19:30:42.183Z] [functions] Runtime ready! Sending request! {"metadata":{"emulator":{"name":"functions"},"message":"[functions] Runtime ready! Sending request!"}}
[debug] [2025-05-28T19:30:42.184Z] [functions] Got req.url=/app-escaner-8ae18/us-central1/calificarExamen, mapping to path=/ {"metadata":{"emulator":{"name":"functions"},"message":"[functions] Got req.url=/app-escaner-8ae18/us-central1/calificarExamen, mapping to path=/"}}
[debug] [2025-05-28T19:30:42.196Z] [worker-pool] addWorker(us-central1-calificarExamen) {"metadata":{"emulator":{"name":"functions"},"message":"[worker-pool] addWorker(us-central1-calificarExamen)"}}
[debug] [2025-05-28T19:30:42.196Z] [worker-pool] Adding worker with key us-central1-calificarExamen, total=1 {"metadata":{"emulator":{"name":"functions"},"message":"[worker-pool] Adding worker with key us-central1-calificarExamen, total=1"}}
[debug] [2025-05-28T19:30:43.533Z] [runtime-status] [6452] Resolved module firebase-admin {"declared":true,"installed":true,"version":"12.7.0","resolution":"D:\\RESIDENCIAS11\\app-escaner\\functions\\node_modules\\firebase-admin\\lib\\index.js"} {"metadata":{"emulator":{"name":"functions"},"function":{"name":"us-central1-calificarExamen"},"extension":{},"message":"[runtime-status] [6452] Resolved module firebase-admin {\"declared\":true,\"installed\":true,\"version\":\"12.7.0\",\"resolution\":\"D:\\\\RESIDENCIAS11\\\\app-escaner\\\\functions\\\\node_modules\\\\firebase-admin\\\\lib\\\\index.js\"}"}}
[debug] [2025-05-28T19:30:43.536Z] [runtime-status] [6452] Resolved module firebase-functions {"declared":true,"installed":true,"version":"6.3.2","resolution":"D:\\RESIDENCIAS11\\app-escaner\\functions\\node_modules\\firebase-functions\\lib\\v2\\index.js"} {"metadata":{"emulator":{"name":"functions"},"function":{"name":"us-central1-calificarExamen"},"extension":{},"message":"[runtime-status] [6452] Resolved module firebase-functions {\"declared\":true,\"installed\":true,\"version\":\"6.3.2\",\"resolution\":\"D:\\\\RESIDENCIAS11\\\\app-escaner\\\\functions\\\\node_modules\\\\firebase-functions\\\\lib\\\\v2\\\\index.js\"}"}}
[debug] [2025-05-28T19:30:43.537Z] [runtime-status] [6452] Outgoing network have been stubbed. [{"name":"http","status":"mocked"},{"name":"http","status":"mocked"},{"name":"https","status":"mocked"},{"name":"https","status":"mocked"},{"name":"net","status":"mocked"}] {"metadata":{"emulator":{"name":"functions"},"function":{"name":"us-central1-calificarExamen"},"extension":{},"message":"[runtime-status] [6452] Outgoing network have been stubbed. [{\"name\":\"http\",\"status\":\"mocked\"},{\"name\":\"http\",\"status\":\"mocked\"},{\"name\":\"https\",\"status\":\"mocked\"},{\"name\":\"https\",\"status\":\"mocked\"},{\"name\":\"net\",\"status\":\"mocked\"}]"}}
[debug] [2025-05-28T19:30:43.539Z] [runtime-status] [6452] Resolved module firebase-functions {"declared":true,"installed":true,"version":"6.3.2","resolution":"D:\\RESIDENCIAS11\\app-escaner\\functions\\node_modules\\firebase-functions\\lib\\v2\\index.js"} {"metadata":{"emulator":{"name":"functions"},"function":{"name":"us-central1-calificarExamen"},"extension":{},"message":"[runtime-status] [6452] Resolved module firebase-functions {\"declared\":true,\"installed\":true,\"version\":\"6.3.2\",\"resolution\":\"D:\\\\RESIDENCIAS11\\\\app-escaner\\\\functions\\\\node_modules\\\\firebase-functions\\\\lib\\\\v2\\\\index.js\"}"}}
[debug] [2025-05-28T19:30:44.074Z] [runtime-status] [6452] Checked functions.config() {"config":{}} {"metadata":{"emulator":{"name":"functions"},"function":{"name":"us-central1-calificarExamen"},"extension":{},"message":"[runtime-status] [6452] Checked functions.config() {\"config\":{}}"}}
[debug] [2025-05-28T19:30:44.075Z] [runtime-status] [6452] firebase-functions has been stubbed. {"functionsResolution":{"declared":true,"installed":true,"version":"6.3.2","resolution":"D:\\RESIDENCIAS11\\app-escaner\\functions\\node_modules\\firebase-functions\\lib\\v2\\index.js"}} {"metadata":{"emulator":{"name":"functions"},"function":{"name":"us-central1-calificarExamen"},"extension":{},"message":"[runtime-status] [6452] firebase-functions has been stubbed. {\"functionsResolution\":{\"declared\":true,\"installed\":true,\"version\":\"6.3.2\",\"resolution\":\"D:\\\\RESIDENCIAS11\\\\app-escaner\\\\functions\\\\node_modules\\\\firebase-functions\\\\lib\\\\v2\\\\index.js\"}}"}}
[debug] [2025-05-28T19:30:44.076Z] [runtime-status] [6452] Resolved module firebase-functions {"declared":true,"installed":true,"version":"6.3.2","resolution":"D:\\RESIDENCIAS11\\app-escaner\\functions\\node_modules\\firebase-functions\\lib\\v2\\index.js"} {"metadata":{"emulator":{"name":"functions"},"function":{"name":"us-central1-calificarExamen"},"extension":{},"message":"[runtime-status] [6452] Resolved module firebase-functions {\"declared\":true,\"installed\":true,\"version\":\"6.3.2\",\"resolution\":\"D:\\\\RESIDENCIAS11\\\\app-escaner\\\\functions\\\\node_modules\\\\firebase-functions\\\\lib\\\\v2\\\\index.js\"}"}}
[debug] [2025-05-28T19:30:44.084Z] [runtime-status] [6452] Resolved module firebase-admin {"declared":true,"installed":true,"version":"12.7.0","resolution":"D:\\RESIDENCIAS11\\app-escaner\\functions\\node_modules\\firebase-admin\\lib\\index.js"} {"metadata":{"emulator":{"name":"functions"},"function":{"name":"us-central1-calificarExamen"},"extension":{},"message":"[runtime-status] [6452] Resolved module firebase-admin {\"declared\":true,\"installed\":true,\"version\":\"12.7.0\",\"resolution\":\"D:\\\\RESIDENCIAS11\\\\app-escaner\\\\functions\\\\node_modules\\\\firebase-admin\\\\lib\\\\index.js\"}"}}
[debug] [2025-05-28T19:30:44.088Z] [runtime-status] [6452] Resolved module firebase-functions {"declared":true,"installed":true,"version":"6.3.2","resolution":"D:\\RESIDENCIAS11\\app-escaner\\functions\\node_modules\\firebase-functions\\lib\\v2\\index.js"} {"metadata":{"emulator":{"name":"functions"},"function":{"name":"us-central1-calificarExamen"},"extension":{},"message":"[runtime-status] [6452] Resolved module firebase-functions {\"declared\":true,\"installed\":true,\"version\":\"6.3.2\",\"resolution\":\"D:\\\\RESIDENCIAS11\\\\app-escaner\\\\functions\\\\node_modules\\\\firebase-functions\\\\lib\\\\v2\\\\index.js\"}"}}
[debug] [2025-05-28T19:30:44.089Z] [runtime-status] [6452] firebase-admin has been stubbed. {"adminResolution":{"declared":true,"installed":true,"version":"12.7.0","resolution":"D:\\RESIDENCIAS11\\app-escaner\\functions\\node_modules\\firebase-admin\\lib\\index.js"}} {"metadata":{"emulator":{"name":"functions"},"function":{"name":"us-central1-calificarExamen"},"extension":{},"message":"[runtime-status] [6452] firebase-admin has been stubbed. {\"adminResolution\":{\"declared\":true,\"installed\":true,\"version\":\"12.7.0\",\"resolution\":\"D:\\\\RESIDENCIAS11\\\\app-escaner\\\\functions\\\\node_modules\\\\firebase-admin\\\\lib\\\\index.js\"}}"}}
[debug] [2025-05-28T19:30:44.742Z] [runtime-status] [6452] initializeApp(DEFAULT) {"storageBucket":"app-escaner-8ae18.firebasestorage.app","databaseURL":"https://app-escaner-8ae18-default-rtdb.firebaseio.com","projectId":"app-escaner-8ae18"} {"metadata":{"emulator":{"name":"functions"},"function":{"name":"us-central1-calificarExamen"},"extension":{},"message":"[runtime-status] [6452] initializeApp(DEFAULT) {\"storageBucket\":\"app-escaner-8ae18.firebasestorage.app\",\"databaseURL\":\"https://app-escaner-8ae18-default-rtdb.firebaseio.com\",\"projectId\":\"app-escaner-8ae18\"}"}}
[debug] [2025-05-28T19:30:44.749Z] [runtime-status] [6452] Functions runtime initialized. {"cwd":"D:\\RESIDENCIAS11\\app-escaner\\functions","node_version":"20.19.2"} {"metadata":{"emulator":{"name":"functions"},"function":{"name":"us-central1-calificarExamen"},"extension":{},"message":"[runtime-status] [6452] Functions runtime initialized. {\"cwd\":\"D:\\\\RESIDENCIAS11\\\\app-escaner\\\\functions\",\"node_version\":\"20.19.2\"}"}}
[debug] [2025-05-28T19:30:44.750Z] [runtime-status] [6452] Listening to port: \\?\pipe\fire_emu_69dcacdba928516b {"metadata":{"emulator":{"name":"functions"},"function":{"name":"us-central1-calificarExamen"},"extension":{},"message":"[runtime-status] [6452] Listening to port: \\\\?\\pipe\\fire_emu_69dcacdba928516b"}}
[debug] [2025-05-28T19:30:44.836Z] [worker-us-central1-calificarExamen-98469dcd-0b1f-4e16-9dea-672fa4c4974b]: IDLE {"metadata":{"emulator":{"name":"functions"},"function":{"name":"us-central1-calificarExamen"},"extension":{},"message":"[worker-us-central1-calificarExamen-98469dcd-0b1f-4e16-9dea-672fa4c4974b]: IDLE"}}
[debug] [2025-05-28T19:30:44.837Z] [worker-pool] submitRequest(triggerId=us-central1-calificarExamen) {"metadata":{"emulator":{"name":"functions"},"message":"[worker-pool] submitRequest(triggerId=us-central1-calificarExamen)"}}
[info] i  functions: Beginning execution of "us-central1-calificarExamen" {"metadata":{"emulator":{"name":"functions"},"function":{"name":"us-central1-calificarExamen"},"extension":{},"message":"Beginning execution of \"us-central1-calificarExamen\""}}
[debug] [2025-05-28T19:30:44.839Z] [worker-us-central1-calificarExamen-98469dcd-0b1f-4e16-9dea-672fa4c4974b]: BUSY {"metadata":{"emulator":{"name":"functions"},"function":{"name":"us-central1-calificarExamen"},"extension":{},"message":"[worker-us-central1-calificarExamen-98469dcd-0b1f-4e16-9dea-672fa4c4974b]: BUSY"}}
[info] >  {"examId":"LgQB1GK8ebHOHu4mHLKg","scannedImage":"https://firebasestorage.googleapis.com/v0/b/app-escaner-8ae18.firebasestorage.app/o/exams/fsYygSDzOVcNu4PGokOSKKRhas73/Matemáticas Discretas/1747862214368.jpg?alt=media&token=ee418b20-681b-4135-a3ac-c9e4202fedb5","severity":"WARNING","message":"Request body is missing data."} {"user":{"examId":"LgQB1GK8ebHOHu4mHLKg","scannedImage":"https://firebasestorage.googleapis.com/v0/b/app-escaner-8ae18.firebasestorage.app/o/exams/fsYygSDzOVcNu4PGokOSKKRhas73/Matemáticas Discretas/1747862214368.jpg?alt=media&token=ee418b20-681b-4135-a3ac-c9e4202fedb5","severity":"WARNING","message":"Request body is missing data."},"metadata":{"emulator":{"name":"functions"},"function":{"name":"us-central1-calificarExamen"},"extension":{},"message":"\u001b[90m> \u001b[39m {\"examId\":\"LgQB1GK8ebHOHu4mHLKg\",\"scannedImage\":\"https://firebasestorage.googleapis.com/v0/b/app-escaner-8ae18.firebasestorage.app/o/exams/fsYygSDzOVcNu4PGokOSKKRhas73/Matemáticas Discretas/1747862214368.jpg?alt=media&token=ee418b20-681b-4135-a3ac-c9e4202fedb5\",\"severity\":\"WARNING\",\"message\":\"Request body is missing data.\"}"}}
[info] >  {"severity":"ERROR","message":"Error: Invalid request, unable to process.\n    at entryFromArgs (D:\\RESIDENCIAS11\\app-escaner\\functions\\node_modules\\firebase-functions\\lib\\logger\\index.js:133:19)\n    at Object.error (D:\\RESIDENCIAS11\\app-escaner\\functions\\node_modules\\firebase-functions\\lib\\logger\\index.js:120:11)\n    at D:\\RESIDENCIAS11\\app-escaner\\functions\\node_modules\\firebase-functions\\lib\\common\\providers\\https.js:431:24\n    at D:\\RESIDENCIAS11\\app-escaner\\functions\\node_modules\\firebase-functions\\lib\\common\\providers\\https.js:392:25\n    at cors (D:\\RESIDENCIAS11\\app-escaner\\functions\\node_modules\\cors\\lib\\index.js:188:7)\n    at D:\\RESIDENCIAS11\\app-escaner\\functions\\node_modules\\cors\\lib\\index.js:224:17\n    at originCallback (D:\\RESIDENCIAS11\\app-escaner\\functions\\node_modules\\cors\\lib\\index.js:214:15)\n    at D:\\RESIDENCIAS11\\app-escaner\\functions\\node_modules\\cors\\lib\\index.js:219:13\n    at optionsCallback (D:\\RESIDENCIAS11\\app-escaner\\functions\\node_modules\\cors\\lib\\index.js:199:9)\n    at corsMiddleware (D:\\RESIDENCIAS11\\app-escaner\\functions\\node_modules\\cors\\lib\\index.js:204:7)"} {"user":{"severity":"ERROR","message":"Error: Invalid request, unable to process.\n    at entryFromArgs (D:\\RESIDENCIAS11\\app-escaner\\functions\\node_modules\\firebase-functions\\lib\\logger\\index.js:133:19)\n    at Object.error (D:\\RESIDENCIAS11\\app-escaner\\functions\\node_modules\\firebase-functions\\lib\\logger\\index.js:120:11)\n    at D:\\RESIDENCIAS11\\app-escaner\\functions\\node_modules\\firebase-functions\\lib\\common\\providers\\https.js:431:24\n    at D:\\RESIDENCIAS11\\app-escaner\\functions\\node_modules\\firebase-functions\\lib\\common\\providers\\https.js:392:25\n    at cors (D:\\RESIDENCIAS11\\app-escaner\\functions\\node_modules\\cors\\lib\\index.js:188:7)\n    at D:\\RESIDENCIAS11\\app-escaner\\functions\\node_modules\\cors\\lib\\index.js:224:17\n    at originCallback (D:\\RESIDENCIAS11\\app-escaner\\functions\\node_modules\\cors\\lib\\index.js:214:15)\n    at D:\\RESIDENCIAS11\\app-escaner\\functions\\node_modules\\cors\\lib\\index.js:219:13\n    at optionsCallback (D:\\RESIDENCIAS11\\app-escaner\\functions\\node_modules\\cors\\lib\\index.js:199:9)\n    at corsMiddleware (D:\\RESIDENCIAS11\\app-escaner\\functions\\node_modules\\cors\\lib\\index.js:204:7)"},"metadata":{"emulator":{"name":"functions"},"function":{"name":"us-central1-calificarExamen"},"extension":{},"message":"\u001b[90m> \u001b[39m {\"severity\":\"ERROR\",\"message\":\"Error: Invalid request, unable to process.\\n    at entryFromArgs (D:\\\\RESIDENCIAS11\\\\app-escaner\\\\functions\\\\node_modules\\\\firebase-functions\\\\lib\\\\logger\\\\index.js:133:19)\\n    at Object.error (D:\\\\RESIDENCIAS11\\\\app-escaner\\\\functions\\\\node_modules\\\\firebase-functions\\\\lib\\\\logger\\\\index.js:120:11)\\n    at D:\\\\RESIDENCIAS11\\\\app-escaner\\\\functions\\\\node_modules\\\\firebase-functions\\\\lib\\\\common\\\\providers\\\\https.js:431:24\\n    at D:\\\\RESIDENCIAS11\\\\app-escaner\\\\functions\\\\node_modules\\\\firebase-functions\\\\lib\\\\common\\\\providers\\\\https.js:392:25\\n    at cors (D:\\\\RESIDENCIAS11\\\\app-escaner\\\\functions\\\\node_modules\\\\cors\\\\lib\\\\index.js:188:7)\\n    at D:\\\\RESIDENCIAS11\\\\app-escaner\\\\functions\\\\node_modules\\\\cors\\\\lib\\\\index.js:224:17\\n    at originCallback (D:\\\\RESIDENCIAS11\\\\app-escaner\\\\functions\\\\node_modules\\\\cors\\\\lib\\\\index.js:214:15)\\n    at D:\\\\RESIDENCIAS11\\\\app-escaner\\\\functions\\\\node_modules\\\\cors\\\\lib\\\\index.js:219:13\\n    at optionsCallback (D:\\\\RESIDENCIAS11\\\\app-escaner\\\\functions\\\\node_modules\\\\cors\\\\lib\\\\index.js:199:9)\\n    at corsMiddleware (D:\\\\RESIDENCIAS11\\\\app-escaner\\\\functions\\\\node_modules\\\\cors\\\\lib\\\\index.js:204:7)\"}"}}
[debug] [2025-05-28T19:30:44.865Z] Finishing up request with event=pause {"metadata":{"emulator":{"name":"functions"},"function":{"name":"us-central1-calificarExamen"},"extension":{},"message":"Finishing up request with event=pause"}}
[info] i  functions: Finished "us-central1-calificarExamen" in 26.5488ms {"metadata":{"emulator":{"name":"functions"},"function":{"name":"us-central1-calificarExamen"},"extension":{},"message":"Finished \"us-central1-calificarExamen\" in 26.5488ms"}}
[debug] [2025-05-28T19:30:44.866Z] [worker-us-central1-calificarExamen-98469dcd-0b1f-4e16-9dea-672fa4c4974b]: IDLE {"metadata":{"emulator":{"name":"functions"},"function":{"name":"us-central1-calificarExamen"},"extension":{},"message":"[worker-us-central1-calificarExamen-98469dcd-0b1f-4e16-9dea-672fa4c4974b]: IDLE"}}
[debug] [2025-05-28T19:30:44.866Z] Finishing up request with event=finish {"metadata":{"emulator":{"name":"functions"},"function":{"name":"us-central1-calificarExamen"},"extension":{},"message":"Finishing up request with event=finish"}}
[debug] [2025-05-28T19:30:44.866Z] Finishing up request with event=close {"metadata":{"emulator":{"name":"functions"},"function":{"name":"us-central1-calificarExamen"},"extension":{},"message":"Finishing up request with event=close"}}
[debug] [2025-05-28T19:30:44.868Z] [work-queue] {"queuedWork":[],"queueLength":0,"runningWork":[],"workRunningCount":0}
[debug] [2025-05-28T19:30:46.666Z] [work-queue] {"queuedWork":["/app-escaner-8ae18/us-central1/calificarExamen-2025-05-28T19:30:46.666Z"],"queueLength":1,"runningWork":[],"workRunningCount":0}
[debug] [2025-05-28T19:30:46.666Z] [work-queue] {"queuedWork":[],"queueLength":0,"runningWork":["/app-escaner-8ae18/us-central1/calificarExamen-2025-05-28T19:30:46.666Z"],"workRunningCount":1}
[debug] [2025-05-28T19:30:46.666Z] Accepted request POST /app-escaner-8ae18/us-central1/calificarExamen --> us-central1-calificarExamen
[debug] [2025-05-28T19:30:46.667Z] [functions] Runtime ready! Sending request! {"metadata":{"emulator":{"name":"functions"},"message":"[functions] Runtime ready! Sending request!"}}
[debug] [2025-05-28T19:30:46.668Z] [functions] Got req.url=/app-escaner-8ae18/us-central1/calificarExamen, mapping to path=/ {"metadata":{"emulator":{"name":"functions"},"message":"[functions] Got req.url=/app-escaner-8ae18/us-central1/calificarExamen, mapping to path=/"}}
[debug] [2025-05-28T19:30:46.668Z] [worker-pool] submitRequest(triggerId=us-central1-calificarExamen) {"metadata":{"emulator":{"name":"functions"},"message":"[worker-pool] submitRequest(triggerId=us-central1-calificarExamen)"}}
[info] i  functions: Beginning execution of "us-central1-calificarExamen" {"metadata":{"emulator":{"name":"functions"},"function":{"name":"us-central1-calificarExamen"},"extension":{},"message":"Beginning execution of \"us-central1-calificarExamen\""}}
[debug] [2025-05-28T19:30:46.668Z] [worker-us-central1-calificarExamen-98469dcd-0b1f-4e16-9dea-672fa4c4974b]: BUSY {"metadata":{"emulator":{"name":"functions"},"function":{"name":"us-central1-calificarExamen"},"extension":{},"message":"[worker-us-central1-calificarExamen-98469dcd-0b1f-4e16-9dea-672fa4c4974b]: BUSY"}}
[info] >  {"examId":"LgQB1GK8ebHOHu4mHLKg","scannedImage":"https://firebasestorage.googleapis.com/v0/b/app-escaner-8ae18.firebasestorage.app/o/exams/fsYygSDzOVcNu4PGokOSKKRhas73/Matemáticas Discretas/1747862214368.jpg?alt=media&token=ee418b20-681b-4135-a3ac-c9e4202fedb5","severity":"WARNING","message":"Request body is missing data."} {"user":{"examId":"LgQB1GK8ebHOHu4mHLKg","scannedImage":"https://firebasestorage.googleapis.com/v0/b/app-escaner-8ae18.firebasestorage.app/o/exams/fsYygSDzOVcNu4PGokOSKKRhas73/Matemáticas Discretas/1747862214368.jpg?alt=media&token=ee418b20-681b-4135-a3ac-c9e4202fedb5","severity":"WARNING","message":"Request body is missing data."},"metadata":{"emulator":{"name":"functions"},"function":{"name":"us-central1-calificarExamen"},"extension":{},"message":"\u001b[90m> \u001b[39m {\"examId\":\"LgQB1GK8ebHOHu4mHLKg\",\"scannedImage\":\"https://firebasestorage.googleapis.com/v0/b/app-escaner-8ae18.firebasestorage.app/o/exams/fsYygSDzOVcNu4PGokOSKKRhas73/Matemáticas Discretas/1747862214368.jpg?alt=media&token=ee418b20-681b-4135-a3ac-c9e4202fedb5\",\"severity\":\"WARNING\",\"message\":\"Request body is missing data.\"}"}}
[info] >  {"severity":"ERROR","message":"Error: Invalid request, unable to process.\n    at entryFromArgs (D:\\RESIDENCIAS11\\app-escaner\\functions\\node_modules\\firebase-functions\\lib\\logger\\index.js:133:19)\n    at Object.error (D:\\RESIDENCIAS11\\app-escaner\\functions\\node_modules\\firebase-functions\\lib\\logger\\index.js:120:11)\n    at D:\\RESIDENCIAS11\\app-escaner\\functions\\node_modules\\firebase-functions\\lib\\common\\providers\\https.js:431:24\n    at D:\\RESIDENCIAS11\\app-escaner\\functions\\node_modules\\firebase-functions\\lib\\common\\providers\\https.js:392:25\n    at cors (D:\\RESIDENCIAS11\\app-escaner\\functions\\node_modules\\cors\\lib\\index.js:188:7)\n    at D:\\RESIDENCIAS11\\app-escaner\\functions\\node_modules\\cors\\lib\\index.js:224:17\n    at originCallback (D:\\RESIDENCIAS11\\app-escaner\\functions\\node_modules\\cors\\lib\\index.js:214:15)\n    at D:\\RESIDENCIAS11\\app-escaner\\functions\\node_modules\\cors\\lib\\index.js:219:13\n    at optionsCallback (D:\\RESIDENCIAS11\\app-escaner\\functions\\node_modules\\cors\\lib\\index.js:199:9)\n    at corsMiddleware (D:\\RESIDENCIAS11\\app-escaner\\functions\\node_modules\\cors\\lib\\index.js:204:7)"} {"user":{"severity":"ERROR","message":"Error: Invalid request, unable to process.\n    at entryFromArgs (D:\\RESIDENCIAS11\\app-escaner\\functions\\node_modules\\firebase-functions\\lib\\logger\\index.js:133:19)\n    at Object.error (D:\\RESIDENCIAS11\\app-escaner\\functions\\node_modules\\firebase-functions\\lib\\logger\\index.js:120:11)\n    at D:\\RESIDENCIAS11\\app-escaner\\functions\\node_modules\\firebase-functions\\lib\\common\\providers\\https.js:431:24\n    at D:\\RESIDENCIAS11\\app-escaner\\functions\\node_modules\\firebase-functions\\lib\\common\\providers\\https.js:392:25\n    at cors (D:\\RESIDENCIAS11\\app-escaner\\functions\\node_modules\\cors\\lib\\index.js:188:7)\n    at D:\\RESIDENCIAS11\\app-escaner\\functions\\node_modules\\cors\\lib\\index.js:224:17\n    at originCallback (D:\\RESIDENCIAS11\\app-escaner\\functions\\node_modules\\cors\\lib\\index.js:214:15)\n    at D:\\RESIDENCIAS11\\app-escaner\\functions\\node_modules\\cors\\lib\\index.js:219:13\n    at optionsCallback (D:\\RESIDENCIAS11\\app-escaner\\functions\\node_modules\\cors\\lib\\index.js:199:9)\n    at corsMiddleware (D:\\RESIDENCIAS11\\app-escaner\\functions\\node_modules\\cors\\lib\\index.js:204:7)"},"metadata":{"emulator":{"name":"functions"},"function":{"name":"us-central1-calificarExamen"},"extension":{},"message":"\u001b[90m> \u001b[39m {\"severity\":\"ERROR\",\"message\":\"Error: Invalid request, unable to process.\\n    at entryFromArgs (D:\\\\RESIDENCIAS11\\\\app-escaner\\\\functions\\\\node_modules\\\\firebase-functions\\\\lib\\\\logger\\\\index.js:133:19)\\n    at Object.error (D:\\\\RESIDENCIAS11\\\\app-escaner\\\\functions\\\\node_modules\\\\firebase-functions\\\\lib\\\\logger\\\\index.js:120:11)\\n    at D:\\\\RESIDENCIAS11\\\\app-escaner\\\\functions\\\\node_modules\\\\firebase-functions\\\\lib\\\\common\\\\providers\\\\https.js:431:24\\n    at D:\\\\RESIDENCIAS11\\\\app-escaner\\\\functions\\\\node_modules\\\\firebase-functions\\\\lib\\\\common\\\\providers\\\\https.js:392:25\\n    at cors (D:\\\\RESIDENCIAS11\\\\app-escaner\\\\functions\\\\node_modules\\\\cors\\\\lib\\\\index.js:188:7)\\n    at D:\\\\RESIDENCIAS11\\\\app-escaner\\\\functions\\\\node_modules\\\\cors\\\\lib\\\\index.js:224:17\\n    at originCallback (D:\\\\RESIDENCIAS11\\\\app-escaner\\\\functions\\\\node_modules\\\\cors\\\\lib\\\\index.js:214:15)\\n    at D:\\\\RESIDENCIAS11\\\\app-escaner\\\\functions\\\\node_modules\\\\cors\\\\lib\\\\index.js:219:13\\n    at optionsCallback (D:\\\\RESIDENCIAS11\\\\app-escaner\\\\functions\\\\node_modules\\\\cors\\\\lib\\\\index.js:199:9)\\n    at corsMiddleware (D:\\\\RESIDENCIAS11\\\\app-escaner\\\\functions\\\\node_modules\\\\cors\\\\lib\\\\index.js:204:7)\"}"}}
[debug] [2025-05-28T19:30:46.674Z] Finishing up request with event=pause {"metadata":{"emulator":{"name":"functions"},"function":{"name":"us-central1-calificarExamen"},"extension":{},"message":"Finishing up request with event=pause"}}
[info] i  functions: Finished "us-central1-calificarExamen" in 5.8227ms {"metadata":{"emulator":{"name":"functions"},"function":{"name":"us-central1-calificarExamen"},"extension":{},"message":"Finished \"us-central1-calificarExamen\" in 5.8227ms"}}
[debug] [2025-05-28T19:30:46.675Z] [worker-us-central1-calificarExamen-98469dcd-0b1f-4e16-9dea-672fa4c4974b]: IDLE {"metadata":{"emulator":{"name":"functions"},"function":{"name":"us-central1-calificarExamen"},"extension":{},"message":"[worker-us-central1-calificarExamen-98469dcd-0b1f-4e16-9dea-672fa4c4974b]: IDLE"}}
[debug] [2025-05-28T19:30:46.676Z] Finishing up request with event=finish {"metadata":{"emulator":{"name":"functions"},"function":{"name":"us-central1-calificarExamen"},"extension":{},"message":"Finishing up request with event=finish"}}
[debug] [2025-05-28T19:30:46.676Z] Finishing up request with event=close {"metadata":{"emulator":{"name":"functions"},"function":{"name":"us-central1-calificarExamen"},"extension":{},"message":"Finishing up request with event=close"}}
[debug] [2025-05-28T19:30:46.676Z] [work-queue] {"queuedWork":[],"queueLength":0,"runningWork":[],"workRunningCount":0}
[debug] [2025-05-28T19:32:10.089Z] [work-queue] {"queuedWork":["/app-escaner-8ae18/us-central1/calificarExamen-2025-05-28T19:32:10.089Z"],"queueLength":1,"runningWork":[],"workRunningCount":0}
[debug] [2025-05-28T19:32:10.089Z] [work-queue] {"queuedWork":[],"queueLength":0,"runningWork":["/app-escaner-8ae18/us-central1/calificarExamen-2025-05-28T19:32:10.089Z"],"workRunningCount":1}
[debug] [2025-05-28T19:32:10.089Z] Accepted request POST /app-escaner-8ae18/us-central1/calificarExamen --> us-central1-calificarExamen
[debug] [2025-05-28T19:32:10.093Z] [functions] Runtime ready! Sending request! {"metadata":{"emulator":{"name":"functions"},"message":"[functions] Runtime ready! Sending request!"}}
[debug] [2025-05-28T19:32:10.094Z] [functions] Got req.url=/app-escaner-8ae18/us-central1/calificarExamen, mapping to path=/ {"metadata":{"emulator":{"name":"functions"},"message":"[functions] Got req.url=/app-escaner-8ae18/us-central1/calificarExamen, mapping to path=/"}}
[debug] [2025-05-28T19:32:10.094Z] [worker-pool] submitRequest(triggerId=us-central1-calificarExamen) {"metadata":{"emulator":{"name":"functions"},"message":"[worker-pool] submitRequest(triggerId=us-central1-calificarExamen)"}}
[info] i  functions: Beginning execution of "us-central1-calificarExamen" {"metadata":{"emulator":{"name":"functions"},"function":{"name":"us-central1-calificarExamen"},"extension":{},"message":"Beginning execution of \"us-central1-calificarExamen\""}}
[debug] [2025-05-28T19:32:10.095Z] [worker-us-central1-calificarExamen-98469dcd-0b1f-4e16-9dea-672fa4c4974b]: BUSY {"metadata":{"emulator":{"name":"functions"},"function":{"name":"us-central1-calificarExamen"},"extension":{},"message":"[worker-us-central1-calificarExamen-98469dcd-0b1f-4e16-9dea-672fa4c4974b]: BUSY"}}
[info] >  {"examId":"LgQB1GK8ebHOHu4mHLKg","scannedImage":"https://firebasestorage.googleapis.com","severity":"WARNING","message":"Request body is missing data."} {"user":{"examId":"LgQB1GK8ebHOHu4mHLKg","scannedImage":"https://firebasestorage.googleapis.com","severity":"WARNING","message":"Request body is missing data."},"metadata":{"emulator":{"name":"functions"},"function":{"name":"us-central1-calificarExamen"},"extension":{},"message":"\u001b[90m> \u001b[39m {\"examId\":\"LgQB1GK8ebHOHu4mHLKg\",\"scannedImage\":\"https://firebasestorage.googleapis.com\",\"severity\":\"WARNING\",\"message\":\"Request body is missing data.\"}"}}
[info] >  {"severity":"ERROR","message":"Error: Invalid request, unable to process.\n    at entryFromArgs (D:\\RESIDENCIAS11\\app-escaner\\functions\\node_modules\\firebase-functions\\lib\\logger\\index.js:133:19)\n    at Object.error (D:\\RESIDENCIAS11\\app-escaner\\functions\\node_modules\\firebase-functions\\lib\\logger\\index.js:120:11)\n    at D:\\RESIDENCIAS11\\app-escaner\\functions\\node_modules\\firebase-functions\\lib\\common\\providers\\https.js:431:24\n    at D:\\RESIDENCIAS11\\app-escaner\\functions\\node_modules\\firebase-functions\\lib\\common\\providers\\https.js:392:25\n    at cors (D:\\RESIDENCIAS11\\app-escaner\\functions\\node_modules\\cors\\lib\\index.js:188:7)\n    at D:\\RESIDENCIAS11\\app-escaner\\functions\\node_modules\\cors\\lib\\index.js:224:17\n    at originCallback (D:\\RESIDENCIAS11\\app-escaner\\functions\\node_modules\\cors\\lib\\index.js:214:15)\n    at D:\\RESIDENCIAS11\\app-escaner\\functions\\node_modules\\cors\\lib\\index.js:219:13\n    at optionsCallback (D:\\RESIDENCIAS11\\app-escaner\\functions\\node_modules\\cors\\lib\\index.js:199:9)\n    at corsMiddleware (D:\\RESIDENCIAS11\\app-escaner\\functions\\node_modules\\cors\\lib\\index.js:204:7)"} {"user":{"severity":"ERROR","message":"Error: Invalid request, unable to process.\n    at entryFromArgs (D:\\RESIDENCIAS11\\app-escaner\\functions\\node_modules\\firebase-functions\\lib\\logger\\index.js:133:19)\n    at Object.error (D:\\RESIDENCIAS11\\app-escaner\\functions\\node_modules\\firebase-functions\\lib\\logger\\index.js:120:11)\n    at D:\\RESIDENCIAS11\\app-escaner\\functions\\node_modules\\firebase-functions\\lib\\common\\providers\\https.js:431:24\n    at D:\\RESIDENCIAS11\\app-escaner\\functions\\node_modules\\firebase-functions\\lib\\common\\providers\\https.js:392:25\n    at cors (D:\\RESIDENCIAS11\\app-escaner\\functions\\node_modules\\cors\\lib\\index.js:188:7)\n    at D:\\RESIDENCIAS11\\app-escaner\\functions\\node_modules\\cors\\lib\\index.js:224:17\n    at originCallback (D:\\RESIDENCIAS11\\app-escaner\\functions\\node_modules\\cors\\lib\\index.js:214:15)\n    at D:\\RESIDENCIAS11\\app-escaner\\functions\\node_modules\\cors\\lib\\index.js:219:13\n    at optionsCallback (D:\\RESIDENCIAS11\\app-escaner\\functions\\node_modules\\cors\\lib\\index.js:199:9)\n    at corsMiddleware (D:\\RESIDENCIAS11\\app-escaner\\functions\\node_modules\\cors\\lib\\index.js:204:7)"},"metadata":{"emulator":{"name":"functions"},"function":{"name":"us-central1-calificarExamen"},"extension":{},"message":"\u001b[90m> \u001b[39m {\"severity\":\"ERROR\",\"message\":\"Error: Invalid request, unable to process.\\n    at entryFromArgs (D:\\\\RESIDENCIAS11\\\\app-escaner\\\\functions\\\\node_modules\\\\firebase-functions\\\\lib\\\\logger\\\\index.js:133:19)\\n    at Object.error (D:\\\\RESIDENCIAS11\\\\app-escaner\\\\functions\\\\node_modules\\\\firebase-functions\\\\lib\\\\logger\\\\index.js:120:11)\\n    at D:\\\\RESIDENCIAS11\\\\app-escaner\\\\functions\\\\node_modules\\\\firebase-functions\\\\lib\\\\common\\\\providers\\\\https.js:431:24\\n    at D:\\\\RESIDENCIAS11\\\\app-escaner\\\\functions\\\\node_modules\\\\firebase-functions\\\\lib\\\\common\\\\providers\\\\https.js:392:25\\n    at cors (D:\\\\RESIDENCIAS11\\\\app-escaner\\\\functions\\\\node_modules\\\\cors\\\\lib\\\\index.js:188:7)\\n    at D:\\\\RESIDENCIAS11\\\\app-escaner\\\\functions\\\\node_modules\\\\cors\\\\lib\\\\index.js:224:17\\n    at originCallback (D:\\\\RESIDENCIAS11\\\\app-escaner\\\\functions\\\\node_modules\\\\cors\\\\lib\\\\index.js:214:15)\\n    at D:\\\\RESIDENCIAS11\\\\app-escaner\\\\functions\\\\node_modules\\\\cors\\\\lib\\\\index.js:219:13\\n    at optionsCallback (D:\\\\RESIDENCIAS11\\\\app-escaner\\\\functions\\\\node_modules\\\\cors\\\\lib\\\\index.js:199:9)\\n    at corsMiddleware (D:\\\\RESIDENCIAS11\\\\app-escaner\\\\functions\\\\node_modules\\\\cors\\\\lib\\\\index.js:204:7)\"}"}}
[debug] [2025-05-28T19:32:10.101Z] Finishing up request with event=pause {"metadata":{"emulator":{"name":"functions"},"function":{"name":"us-central1-calificarExamen"},"extension":{},"message":"Finishing up request with event=pause"}}
[info] i  functions: Finished "us-central1-calificarExamen" in 7.006ms {"metadata":{"emulator":{"name":"functions"},"function":{"name":"us-central1-calificarExamen"},"extension":{},"message":"Finished \"us-central1-calificarExamen\" in 7.006ms"}}
[debug] [2025-05-28T19:32:10.102Z] [worker-us-central1-calificarExamen-98469dcd-0b1f-4e16-9dea-672fa4c4974b]: IDLE {"metadata":{"emulator":{"name":"functions"},"function":{"name":"us-central1-calificarExamen"},"extension":{},"message":"[worker-us-central1-calificarExamen-98469dcd-0b1f-4e16-9dea-672fa4c4974b]: IDLE"}}
[debug] [2025-05-28T19:32:10.102Z] Finishing up request with event=finish {"metadata":{"emulator":{"name":"functions"},"function":{"name":"us-central1-calificarExamen"},"extension":{},"message":"Finishing up request with event=finish"}}
[debug] [2025-05-28T19:32:10.102Z] Finishing up request with event=close {"metadata":{"emulator":{"name":"functions"},"function":{"name":"us-central1-calificarExamen"},"extension":{},"message":"Finishing up request with event=close"}}
[debug] [2025-05-28T19:32:10.103Z] [work-queue] {"queuedWork":[],"queueLength":0,"runningWork":[],"workRunningCount":0}
[debug] [2025-05-28T19:32:20.062Z] [work-queue] {"queuedWork":["/app-escaner-8ae18/us-central1/calificarExamen-2025-05-28T19:32:20.062Z"],"queueLength":1,"runningWork":[],"workRunningCount":0}
[debug] [2025-05-28T19:32:20.062Z] [work-queue] {"queuedWork":[],"queueLength":0,"runningWork":["/app-escaner-8ae18/us-central1/calificarExamen-2025-05-28T19:32:20.062Z"],"workRunningCount":1}
[debug] [2025-05-28T19:32:20.062Z] Accepted request POST /app-escaner-8ae18/us-central1/calificarExamen --> us-central1-calificarExamen
[debug] [2025-05-28T19:32:20.064Z] [functions] Runtime ready! Sending request! {"metadata":{"emulator":{"name":"functions"},"message":"[functions] Runtime ready! Sending request!"}}
[debug] [2025-05-28T19:32:20.065Z] [functions] Got req.url=/app-escaner-8ae18/us-central1/calificarExamen, mapping to path=/ {"metadata":{"emulator":{"name":"functions"},"message":"[functions] Got req.url=/app-escaner-8ae18/us-central1/calificarExamen, mapping to path=/"}}
[debug] [2025-05-28T19:32:20.065Z] [worker-pool] submitRequest(triggerId=us-central1-calificarExamen) {"metadata":{"emulator":{"name":"functions"},"message":"[worker-pool] submitRequest(triggerId=us-central1-calificarExamen)"}}
[info] i  functions: Beginning execution of "us-central1-calificarExamen" {"metadata":{"emulator":{"name":"functions"},"function":{"name":"us-central1-calificarExamen"},"extension":{},"message":"Beginning execution of \"us-central1-calificarExamen\""}}
[debug] [2025-05-28T19:32:20.065Z] [worker-us-central1-calificarExamen-98469dcd-0b1f-4e16-9dea-672fa4c4974b]: BUSY {"metadata":{"emulator":{"name":"functions"},"function":{"name":"us-central1-calificarExamen"},"extension":{},"message":"[worker-us-central1-calificarExamen-98469dcd-0b1f-4e16-9dea-672fa4c4974b]: BUSY"}}
[info] >  {"examId":"LgQB1GK8ebHOHu4mHLKg","scannedImage":"https://firebasestorage.googleapis.com","severity":"WARNING","message":"Request body is missing data."} {"user":{"examId":"LgQB1GK8ebHOHu4mHLKg","scannedImage":"https://firebasestorage.googleapis.com","severity":"WARNING","message":"Request body is missing data."},"metadata":{"emulator":{"name":"functions"},"function":{"name":"us-central1-calificarExamen"},"extension":{},"message":"\u001b[90m> \u001b[39m {\"examId\":\"LgQB1GK8ebHOHu4mHLKg\",\"scannedImage\":\"https://firebasestorage.googleapis.com\",\"severity\":\"WARNING\",\"message\":\"Request body is missing data.\"}"}}
[debug] [2025-05-28T19:32:20.071Z] Finishing up request with event=pause {"metadata":{"emulator":{"name":"functions"},"function":{"name":"us-central1-calificarExamen"},"extension":{},"message":"Finishing up request with event=pause"}}
[info] i  functions: Finished "us-central1-calificarExamen" in 5.6511ms {"metadata":{"emulator":{"name":"functions"},"function":{"name":"us-central1-calificarExamen"},"extension":{},"message":"Finished \"us-central1-calificarExamen\" in 5.6511ms"}}
[debug] [2025-05-28T19:32:20.072Z] [worker-us-central1-calificarExamen-98469dcd-0b1f-4e16-9dea-672fa4c4974b]: IDLE {"metadata":{"emulator":{"name":"functions"},"function":{"name":"us-central1-calificarExamen"},"extension":{},"message":"[worker-us-central1-calificarExamen-98469dcd-0b1f-4e16-9dea-672fa4c4974b]: IDLE"}}
[debug] [2025-05-28T19:32:20.072Z] Finishing up request with event=finish {"metadata":{"emulator":{"name":"functions"},"function":{"name":"us-central1-calificarExamen"},"extension":{},"message":"Finishing up request with event=finish"}}
[debug] [2025-05-28T19:32:20.072Z] Finishing up request with event=close {"metadata":{"emulator":{"name":"functions"},"function":{"name":"us-central1-calificarExamen"},"extension":{},"message":"Finishing up request with event=close"}}
[debug] [2025-05-28T19:32:20.072Z] [work-queue] {"queuedWork":[],"queueLength":0,"runningWork":[],"workRunningCount":0}
[info] >  {"severity":"ERROR","message":"Error: Invalid request, unable to process.\n    at entryFromArgs (D:\\RESIDENCIAS11\\app-escaner\\functions\\node_modules\\firebase-functions\\lib\\logger\\index.js:133:19)\n    at Object.error (D:\\RESIDENCIAS11\\app-escaner\\functions\\node_modules\\firebase-functions\\lib\\logger\\index.js:120:11)\n    at D:\\RESIDENCIAS11\\app-escaner\\functions\\node_modules\\firebase-functions\\lib\\common\\providers\\https.js:431:24\n    at D:\\RESIDENCIAS11\\app-escaner\\functions\\node_modules\\firebase-functions\\lib\\common\\providers\\https.js:392:25\n    at cors (D:\\RESIDENCIAS11\\app-escaner\\functions\\node_modules\\cors\\lib\\index.js:188:7)\n    at D:\\RESIDENCIAS11\\app-escaner\\functions\\node_modules\\cors\\lib\\index.js:224:17\n    at originCallback (D:\\RESIDENCIAS11\\app-escaner\\functions\\node_modules\\cors\\lib\\index.js:214:15)\n    at D:\\RESIDENCIAS11\\app-escaner\\functions\\node_modules\\cors\\lib\\index.js:219:13\n    at optionsCallback (D:\\RESIDENCIAS11\\app-escaner\\functions\\node_modules\\cors\\lib\\index.js:199:9)\n    at corsMiddleware (D:\\RESIDENCIAS11\\app-escaner\\functions\\node_modules\\cors\\lib\\index.js:204:7)"} {"user":{"severity":"ERROR","message":"Error: Invalid request, unable to process.\n    at entryFromArgs (D:\\RESIDENCIAS11\\app-escaner\\functions\\node_modules\\firebase-functions\\lib\\logger\\index.js:133:19)\n    at Object.error (D:\\RESIDENCIAS11\\app-escaner\\functions\\node_modules\\firebase-functions\\lib\\logger\\index.js:120:11)\n    at D:\\RESIDENCIAS11\\app-escaner\\functions\\node_modules\\firebase-functions\\lib\\common\\providers\\https.js:431:24\n    at D:\\RESIDENCIAS11\\app-escaner\\functions\\node_modules\\firebase-functions\\lib\\common\\providers\\https.js:392:25\n    at cors (D:\\RESIDENCIAS11\\app-escaner\\functions\\node_modules\\cors\\lib\\index.js:188:7)\n    at D:\\RESIDENCIAS11\\app-escaner\\functions\\node_modules\\cors\\lib\\index.js:224:17\n    at originCallback (D:\\RESIDENCIAS11\\app-escaner\\functions\\node_modules\\cors\\lib\\index.js:214:15)\n    at D:\\RESIDENCIAS11\\app-escaner\\functions\\node_modules\\cors\\lib\\index.js:219:13\n    at optionsCallback (D:\\RESIDENCIAS11\\app-escaner\\functions\\node_modules\\cors\\lib\\index.js:199:9)\n    at corsMiddleware (D:\\RESIDENCIAS11\\app-escaner\\functions\\node_modules\\cors\\lib\\index.js:204:7)"},"metadata":{"emulator":{"name":"functions"},"function":{"name":"us-central1-calificarExamen"},"extension":{},"message":"\u001b[90m> \u001b[39m {\"severity\":\"ERROR\",\"message\":\"Error: Invalid request, unable to process.\\n    at entryFromArgs (D:\\\\RESIDENCIAS11\\\\app-escaner\\\\functions\\\\node_modules\\\\firebase-functions\\\\lib\\\\logger\\\\index.js:133:19)\\n    at Object.error (D:\\\\RESIDENCIAS11\\\\app-escaner\\\\functions\\\\node_modules\\\\firebase-functions\\\\lib\\\\logger\\\\index.js:120:11)\\n    at D:\\\\RESIDENCIAS11\\\\app-escaner\\\\functions\\\\node_modules\\\\firebase-functions\\\\lib\\\\common\\\\providers\\\\https.js:431:24\\n    at D:\\\\RESIDENCIAS11\\\\app-escaner\\\\functions\\\\node_modules\\\\firebase-functions\\\\lib\\\\common\\\\providers\\\\https.js:392:25\\n    at cors (D:\\\\RESIDENCIAS11\\\\app-escaner\\\\functions\\\\node_modules\\\\cors\\\\lib\\\\index.js:188:7)\\n    at D:\\\\RESIDENCIAS11\\\\app-escaner\\\\functions\\\\node_modules\\\\cors\\\\lib\\\\index.js:224:17\\n    at originCallback (D:\\\\RESIDENCIAS11\\\\app-escaner\\\\functions\\\\node_modules\\\\cors\\\\lib\\\\index.js:214:15)\\n    at D:\\\\RESIDENCIAS11\\\\app-escaner\\\\functions\\\\node_modules\\\\cors\\\\lib\\\\index.js:219:13\\n    at optionsCallback (D:\\\\RESIDENCIAS11\\\\app-escaner\\\\functions\\\\node_modules\\\\cors\\\\lib\\\\index.js:199:9)\\n    at corsMiddleware (D:\\\\RESIDENCIAS11\\\\app-escaner\\\\functions\\\\node_modules\\\\cors\\\\lib\\\\index.js:204:7)\"}"}}
[debug] [2025-05-28T19:37:21.248Z] [work-queue] {"queuedWork":["/app-escaner-8ae18/us-central1/calificarExamen-2025-05-28T19:37:21.248Z"],"queueLength":1,"runningWork":[],"workRunningCount":0}
[debug] [2025-05-28T19:37:21.248Z] [work-queue] {"queuedWork":[],"queueLength":0,"runningWork":["/app-escaner-8ae18/us-central1/calificarExamen-2025-05-28T19:37:21.248Z"],"workRunningCount":1}
[debug] [2025-05-28T19:37:21.248Z] Accepted request POST /app-escaner-8ae18/us-central1/calificarExamen --> us-central1-calificarExamen
[debug] [2025-05-28T19:37:21.250Z] [functions] Runtime ready! Sending request! {"metadata":{"emulator":{"name":"functions"},"message":"[functions] Runtime ready! Sending request!"}}
[debug] [2025-05-28T19:37:21.251Z] [functions] Got req.url=/app-escaner-8ae18/us-central1/calificarExamen, mapping to path=/ {"metadata":{"emulator":{"name":"functions"},"message":"[functions] Got req.url=/app-escaner-8ae18/us-central1/calificarExamen, mapping to path=/"}}
[debug] [2025-05-28T19:37:21.251Z] [worker-pool] submitRequest(triggerId=us-central1-calificarExamen) {"metadata":{"emulator":{"name":"functions"},"message":"[worker-pool] submitRequest(triggerId=us-central1-calificarExamen)"}}
[info] i  functions: Beginning execution of "us-central1-calificarExamen" {"metadata":{"emulator":{"name":"functions"},"function":{"name":"us-central1-calificarExamen"},"extension":{},"message":"Beginning execution of \"us-central1-calificarExamen\""}}
[debug] [2025-05-28T19:37:21.251Z] [worker-us-central1-calificarExamen-98469dcd-0b1f-4e16-9dea-672fa4c4974b]: BUSY {"metadata":{"emulator":{"name":"functions"},"function":{"name":"us-central1-calificarExamen"},"extension":{},"message":"[worker-us-central1-calificarExamen-98469dcd-0b1f-4e16-9dea-672fa4c4974b]: BUSY"}}
[info] >  {"body":{"examId":"LgQB1GK8ebHOHu4mHLKg","scannedImage":"https://firebasestorage.googleapis.com"},"severity":"WARNING","message":"Request body is missing data."} {"user":{"body":{"examId":"LgQB1GK8ebHOHu4mHLKg","scannedImage":"https://firebasestorage.googleapis.com"},"severity":"WARNING","message":"Request body is missing data."},"metadata":{"emulator":{"name":"functions"},"function":{"name":"us-central1-calificarExamen"},"extension":{},"message":"\u001b[90m> \u001b[39m {\"body\":{\"examId\":\"LgQB1GK8ebHOHu4mHLKg\",\"scannedImage\":\"https://firebasestorage.googleapis.com\"},\"severity\":\"WARNING\",\"message\":\"Request body is missing data.\"}"}}
[debug] [2025-05-28T19:37:21.257Z] Finishing up request with event=pause {"metadata":{"emulator":{"name":"functions"},"function":{"name":"us-central1-calificarExamen"},"extension":{},"message":"Finishing up request with event=pause"}}
[info] i  functions: Finished "us-central1-calificarExamen" in 5.441ms {"metadata":{"emulator":{"name":"functions"},"function":{"name":"us-central1-calificarExamen"},"extension":{},"message":"Finished \"us-central1-calificarExamen\" in 5.441ms"}}
[debug] [2025-05-28T19:37:21.258Z] [worker-us-central1-calificarExamen-98469dcd-0b1f-4e16-9dea-672fa4c4974b]: IDLE {"metadata":{"emulator":{"name":"functions"},"function":{"name":"us-central1-calificarExamen"},"extension":{},"message":"[worker-us-central1-calificarExamen-98469dcd-0b1f-4e16-9dea-672fa4c4974b]: IDLE"}}
[debug] [2025-05-28T19:37:21.258Z] Finishing up request with event=finish {"metadata":{"emulator":{"name":"functions"},"function":{"name":"us-central1-calificarExamen"},"extension":{},"message":"Finishing up request with event=finish"}}
[debug] [2025-05-28T19:37:21.258Z] Finishing up request with event=close {"metadata":{"emulator":{"name":"functions"},"function":{"name":"us-central1-calificarExamen"},"extension":{},"message":"Finishing up request with event=close"}}
[debug] [2025-05-28T19:37:21.258Z] [work-queue] {"queuedWork":[],"queueLength":0,"runningWork":[],"workRunningCount":0}
[info] >  {"severity":"ERROR","message":"Error: Invalid request, unable to process.\n    at entryFromArgs (D:\\RESIDENCIAS11\\app-escaner\\functions\\node_modules\\firebase-functions\\lib\\logger\\index.js:133:19)\n    at Object.error (D:\\RESIDENCIAS11\\app-escaner\\functions\\node_modules\\firebase-functions\\lib\\logger\\index.js:120:11)\n    at D:\\RESIDENCIAS11\\app-escaner\\functions\\node_modules\\firebase-functions\\lib\\common\\providers\\https.js:431:24\n    at D:\\RESIDENCIAS11\\app-escaner\\functions\\node_modules\\firebase-functions\\lib\\common\\providers\\https.js:392:25\n    at cors (D:\\RESIDENCIAS11\\app-escaner\\functions\\node_modules\\cors\\lib\\index.js:188:7)\n    at D:\\RESIDENCIAS11\\app-escaner\\functions\\node_modules\\cors\\lib\\index.js:224:17\n    at originCallback (D:\\RESIDENCIAS11\\app-escaner\\functions\\node_modules\\cors\\lib\\index.js:214:15)\n    at D:\\RESIDENCIAS11\\app-escaner\\functions\\node_modules\\cors\\lib\\index.js:219:13\n    at optionsCallback (D:\\RESIDENCIAS11\\app-escaner\\functions\\node_modules\\cors\\lib\\index.js:199:9)\n    at corsMiddleware (D:\\RESIDENCIAS11\\app-escaner\\functions\\node_modules\\cors\\lib\\index.js:204:7)"} {"user":{"severity":"ERROR","message":"Error: Invalid request, unable to process.\n    at entryFromArgs (D:\\RESIDENCIAS11\\app-escaner\\functions\\node_modules\\firebase-functions\\lib\\logger\\index.js:133:19)\n    at Object.error (D:\\RESIDENCIAS11\\app-escaner\\functions\\node_modules\\firebase-functions\\lib\\logger\\index.js:120:11)\n    at D:\\RESIDENCIAS11\\app-escaner\\functions\\node_modules\\firebase-functions\\lib\\common\\providers\\https.js:431:24\n    at D:\\RESIDENCIAS11\\app-escaner\\functions\\node_modules\\firebase-functions\\lib\\common\\providers\\https.js:392:25\n    at cors (D:\\RESIDENCIAS11\\app-escaner\\functions\\node_modules\\cors\\lib\\index.js:188:7)\n    at D:\\RESIDENCIAS11\\app-escaner\\functions\\node_modules\\cors\\lib\\index.js:224:17\n    at originCallback (D:\\RESIDENCIAS11\\app-escaner\\functions\\node_modules\\cors\\lib\\index.js:214:15)\n    at D:\\RESIDENCIAS11\\app-escaner\\functions\\node_modules\\cors\\lib\\index.js:219:13\n    at optionsCallback (D:\\RESIDENCIAS11\\app-escaner\\functions\\node_modules\\cors\\lib\\index.js:199:9)\n    at corsMiddleware (D:\\RESIDENCIAS11\\app-escaner\\functions\\node_modules\\cors\\lib\\index.js:204:7)"},"metadata":{"emulator":{"name":"functions"},"function":{"name":"us-central1-calificarExamen"},"extension":{},"message":"\u001b[90m> \u001b[39m {\"severity\":\"ERROR\",\"message\":\"Error: Invalid request, unable to process.\\n    at entryFromArgs (D:\\\\RESIDENCIAS11\\\\app-escaner\\\\functions\\\\node_modules\\\\firebase-functions\\\\lib\\\\logger\\\\index.js:133:19)\\n    at Object.error (D:\\\\RESIDENCIAS11\\\\app-escaner\\\\functions\\\\node_modules\\\\firebase-functions\\\\lib\\\\logger\\\\index.js:120:11)\\n    at D:\\\\RESIDENCIAS11\\\\app-escaner\\\\functions\\\\node_modules\\\\firebase-functions\\\\lib\\\\common\\\\providers\\\\https.js:431:24\\n    at D:\\\\RESIDENCIAS11\\\\app-escaner\\\\functions\\\\node_modules\\\\firebase-functions\\\\lib\\\\common\\\\providers\\\\https.js:392:25\\n    at cors (D:\\\\RESIDENCIAS11\\\\app-escaner\\\\functions\\\\node_modules\\\\cors\\\\lib\\\\index.js:188:7)\\n    at D:\\\\RESIDENCIAS11\\\\app-escaner\\\\functions\\\\node_modules\\\\cors\\\\lib\\\\index.js:224:17\\n    at originCallback (D:\\\\RESIDENCIAS11\\\\app-escaner\\\\functions\\\\node_modules\\\\cors\\\\lib\\\\index.js:214:15)\\n    at D:\\\\RESIDENCIAS11\\\\app-escaner\\\\functions\\\\node_modules\\\\cors\\\\lib\\\\index.js:219:13\\n    at optionsCallback (D:\\\\RESIDENCIAS11\\\\app-escaner\\\\functions\\\\node_modules\\\\cors\\\\lib\\\\index.js:199:9)\\n    at corsMiddleware (D:\\\\RESIDENCIAS11\\\\app-escaner\\\\functions\\\\node_modules\\\\cors\\\\lib\\\\index.js:204:7)\"}"}}
[debug] [2025-05-28T19:37:22.888Z] [work-queue] {"queuedWork":["/app-escaner-8ae18/us-central1/calificarExamen-2025-05-28T19:37:22.888Z"],"queueLength":1,"runningWork":[],"workRunningCount":0}
[debug] [2025-05-28T19:37:22.888Z] [work-queue] {"queuedWork":[],"queueLength":0,"runningWork":["/app-escaner-8ae18/us-central1/calificarExamen-2025-05-28T19:37:22.888Z"],"workRunningCount":1}
[debug] [2025-05-28T19:37:22.888Z] Accepted request POST /app-escaner-8ae18/us-central1/calificarExamen --> us-central1-calificarExamen
[debug] [2025-05-28T19:37:22.889Z] [functions] Runtime ready! Sending request! {"metadata":{"emulator":{"name":"functions"},"message":"[functions] Runtime ready! Sending request!"}}
[debug] [2025-05-28T19:37:22.889Z] [functions] Got req.url=/app-escaner-8ae18/us-central1/calificarExamen, mapping to path=/ {"metadata":{"emulator":{"name":"functions"},"message":"[functions] Got req.url=/app-escaner-8ae18/us-central1/calificarExamen, mapping to path=/"}}
[debug] [2025-05-28T19:37:22.889Z] [worker-pool] submitRequest(triggerId=us-central1-calificarExamen) {"metadata":{"emulator":{"name":"functions"},"message":"[worker-pool] submitRequest(triggerId=us-central1-calificarExamen)"}}
[info] i  functions: Beginning execution of "us-central1-calificarExamen" {"metadata":{"emulator":{"name":"functions"},"function":{"name":"us-central1-calificarExamen"},"extension":{},"message":"Beginning execution of \"us-central1-calificarExamen\""}}
[debug] [2025-05-28T19:37:22.890Z] [worker-us-central1-calificarExamen-98469dcd-0b1f-4e16-9dea-672fa4c4974b]: BUSY {"metadata":{"emulator":{"name":"functions"},"function":{"name":"us-central1-calificarExamen"},"extension":{},"message":"[worker-us-central1-calificarExamen-98469dcd-0b1f-4e16-9dea-672fa4c4974b]: BUSY"}}
[info] >  {"body":{"examId":"LgQB1GK8ebHOHu4mHLKg","scannedImage":"https://firebasestorage.googleapis.com"},"severity":"WARNING","message":"Request body is missing data."} {"user":{"body":{"examId":"LgQB1GK8ebHOHu4mHLKg","scannedImage":"https://firebasestorage.googleapis.com"},"severity":"WARNING","message":"Request body is missing data."},"metadata":{"emulator":{"name":"functions"},"function":{"name":"us-central1-calificarExamen"},"extension":{},"message":"\u001b[90m> \u001b[39m {\"body\":{\"examId\":\"LgQB1GK8ebHOHu4mHLKg\",\"scannedImage\":\"https://firebasestorage.googleapis.com\"},\"severity\":\"WARNING\",\"message\":\"Request body is missing data.\"}"}}
[debug] [2025-05-28T19:37:22.895Z] Finishing up request with event=pause {"metadata":{"emulator":{"name":"functions"},"function":{"name":"us-central1-calificarExamen"},"extension":{},"message":"Finishing up request with event=pause"}}
[info] i  functions: Finished "us-central1-calificarExamen" in 4.3675ms {"metadata":{"emulator":{"name":"functions"},"function":{"name":"us-central1-calificarExamen"},"extension":{},"message":"Finished \"us-central1-calificarExamen\" in 4.3675ms"}}
[debug] [2025-05-28T19:37:22.895Z] [worker-us-central1-calificarExamen-98469dcd-0b1f-4e16-9dea-672fa4c4974b]: IDLE {"metadata":{"emulator":{"name":"functions"},"function":{"name":"us-central1-calificarExamen"},"extension":{},"message":"[worker-us-central1-calificarExamen-98469dcd-0b1f-4e16-9dea-672fa4c4974b]: IDLE"}}
[debug] [2025-05-28T19:37:22.896Z] Finishing up request with event=finish {"metadata":{"emulator":{"name":"functions"},"function":{"name":"us-central1-calificarExamen"},"extension":{},"message":"Finishing up request with event=finish"}}
[debug] [2025-05-28T19:37:22.896Z] Finishing up request with event=close {"metadata":{"emulator":{"name":"functions"},"function":{"name":"us-central1-calificarExamen"},"extension":{},"message":"Finishing up request with event=close"}}
[debug] [2025-05-28T19:37:22.896Z] [work-queue] {"queuedWork":[],"queueLength":0,"runningWork":[],"workRunningCount":0}
[info] >  {"severity":"ERROR","message":"Error: Invalid request, unable to process.\n    at entryFromArgs (D:\\RESIDENCIAS11\\app-escaner\\functions\\node_modules\\firebase-functions\\lib\\logger\\index.js:133:19)\n    at Object.error (D:\\RESIDENCIAS11\\app-escaner\\functions\\node_modules\\firebase-functions\\lib\\logger\\index.js:120:11)\n    at D:\\RESIDENCIAS11\\app-escaner\\functions\\node_modules\\firebase-functions\\lib\\common\\providers\\https.js:431:24\n    at D:\\RESIDENCIAS11\\app-escaner\\functions\\node_modules\\firebase-functions\\lib\\common\\providers\\https.js:392:25\n    at cors (D:\\RESIDENCIAS11\\app-escaner\\functions\\node_modules\\cors\\lib\\index.js:188:7)\n    at D:\\RESIDENCIAS11\\app-escaner\\functions\\node_modules\\cors\\lib\\index.js:224:17\n    at originCallback (D:\\RESIDENCIAS11\\app-escaner\\functions\\node_modules\\cors\\lib\\index.js:214:15)\n    at D:\\RESIDENCIAS11\\app-escaner\\functions\\node_modules\\cors\\lib\\index.js:219:13\n    at optionsCallback (D:\\RESIDENCIAS11\\app-escaner\\functions\\node_modules\\cors\\lib\\index.js:199:9)\n    at corsMiddleware (D:\\RESIDENCIAS11\\app-escaner\\functions\\node_modules\\cors\\lib\\index.js:204:7)"} {"user":{"severity":"ERROR","message":"Error: Invalid request, unable to process.\n    at entryFromArgs (D:\\RESIDENCIAS11\\app-escaner\\functions\\node_modules\\firebase-functions\\lib\\logger\\index.js:133:19)\n    at Object.error (D:\\RESIDENCIAS11\\app-escaner\\functions\\node_modules\\firebase-functions\\lib\\logger\\index.js:120:11)\n    at D:\\RESIDENCIAS11\\app-escaner\\functions\\node_modules\\firebase-functions\\lib\\common\\providers\\https.js:431:24\n    at D:\\RESIDENCIAS11\\app-escaner\\functions\\node_modules\\firebase-functions\\lib\\common\\providers\\https.js:392:25\n    at cors (D:\\RESIDENCIAS11\\app-escaner\\functions\\node_modules\\cors\\lib\\index.js:188:7)\n    at D:\\RESIDENCIAS11\\app-escaner\\functions\\node_modules\\cors\\lib\\index.js:224:17\n    at originCallback (D:\\RESIDENCIAS11\\app-escaner\\functions\\node_modules\\cors\\lib\\index.js:214:15)\n    at D:\\RESIDENCIAS11\\app-escaner\\functions\\node_modules\\cors\\lib\\index.js:219:13\n    at optionsCallback (D:\\RESIDENCIAS11\\app-escaner\\functions\\node_modules\\cors\\lib\\index.js:199:9)\n    at corsMiddleware (D:\\RESIDENCIAS11\\app-escaner\\functions\\node_modules\\cors\\lib\\index.js:204:7)"},"metadata":{"emulator":{"name":"functions"},"function":{"name":"us-central1-calificarExamen"},"extension":{},"message":"\u001b[90m> \u001b[39m {\"severity\":\"ERROR\",\"message\":\"Error: Invalid request, unable to process.\\n    at entryFromArgs (D:\\\\RESIDENCIAS11\\\\app-escaner\\\\functions\\\\node_modules\\\\firebase-functions\\\\lib\\\\logger\\\\index.js:133:19)\\n    at Object.error (D:\\\\RESIDENCIAS11\\\\app-escaner\\\\functions\\\\node_modules\\\\firebase-functions\\\\lib\\\\logger\\\\index.js:120:11)\\n    at D:\\\\RESIDENCIAS11\\\\app-escaner\\\\functions\\\\node_modules\\\\firebase-functions\\\\lib\\\\common\\\\providers\\\\https.js:431:24\\n    at D:\\\\RESIDENCIAS11\\\\app-escaner\\\\functions\\\\node_modules\\\\firebase-functions\\\\lib\\\\common\\\\providers\\\\https.js:392:25\\n    at cors (D:\\\\RESIDENCIAS11\\\\app-escaner\\\\functions\\\\node_modules\\\\cors\\\\lib\\\\index.js:188:7)\\n    at D:\\\\RESIDENCIAS11\\\\app-escaner\\\\functions\\\\node_modules\\\\cors\\\\lib\\\\index.js:224:17\\n    at originCallback (D:\\\\RESIDENCIAS11\\\\app-escaner\\\\functions\\\\node_modules\\\\cors\\\\lib\\\\index.js:214:15)\\n    at D:\\\\RESIDENCIAS11\\\\app-escaner\\\\functions\\\\node_modules\\\\cors\\\\lib\\\\index.js:219:13\\n    at optionsCallback (D:\\\\RESIDENCIAS11\\\\app-escaner\\\\functions\\\\node_modules\\\\cors\\\\lib\\\\index.js:199:9)\\n    at corsMiddleware (D:\\\\RESIDENCIAS11\\\\app-escaner\\\\functions\\\\node_modules\\\\cors\\\\lib\\\\index.js:204:7)\"}"}}
[debug] [2025-05-28T20:21:04.878Z] File D:\RESIDENCIAS11\app-escaner\functions\index.js changed, reloading triggers {"metadata":{"emulator":{"name":"functions"},"message":"File D:\\RESIDENCIAS11\\app-escaner\\functions\\index.js changed, reloading triggers"}}
[debug] [2025-05-28T20:21:05.893Z] Validating nodejs source
[debug] [2025-05-28T20:21:07.045Z] > [functions] package.json contents: {
  "name": "functions",
  "description": "Cloud Functions for Firebase",
  "scripts": {
    "lint": "eslint . --fix",
    "lint:check": "eslint .",
    "serve": "firebase emulators:start --only functions",
    "shell": "firebase functions:shell",
    "start": "npm run shell",
    "deploy": "firebase deploy --only functions",
    "logs": "firebase functions:log",
    "test": "mocha"
  },
  "engines": {
    "node": "22"
  },
  "main": "index.js",
  "dependencies": {
    "axios": "^1.9.0",
    "canvas": "^3.1.0",
    "faker": "^5.5.3",
    "firebase-admin": "^12.7.0",
    "firebase-functions": "^6.3.2",
    "jimp": "^1.6.0"
  },
  "devDependencies": {
    "@typescript-eslint/eslint-plugin": "^8.33.0",
    "@typescript-eslint/parser": "^8.33.0",
    "eslint": "^8.57.1",
    "eslint-config-google": "^0.14.0",
    "eslint-plugin-mocha": "^10.1.0",
    "firebase-functions-test": "^3.1.0",
    "mocha": "^10.4.0"
  },
  "private": true
}
[debug] [2025-05-28T20:21:07.045Z] Building nodejs source
[debug] [2025-05-28T20:21:07.046Z] Failed to find version of module node: reached end of search path D:\RESIDENCIAS11\app-escaner\functions\node_modules
[warn] !  functions: Your requested "node" version "22" doesn't match your global version "20". Using node@20 from host. 
[debug] [2025-05-28T20:21:07.048Z] Could not find functions.yaml. Must use http discovery
[debug] [2025-05-28T20:21:07.058Z] Found firebase-functions binary at 'D:\RESIDENCIAS11\app-escaner\functions\node_modules\.bin\firebase-functions'
[info] Serving at port 8785

[debug] [2025-05-28T20:21:08.769Z] Got response from /__/functions.yaml {"endpoints":{"calificarExamen":{"availableMemoryMb":null,"timeoutSeconds":null,"minInstances":null,"maxInstances":null,"ingressSettings":null,"concurrency":null,"serviceAccountEmail":null,"vpc":null,"platform":"gcfv2","labels":{},"callableTrigger":{},"entryPoint":"calificarExamen"}},"specVersion":"v1alpha1","requiredAPIs":[],"extensions":{}}
[info] +  functions: Loaded functions definitions from source: calificarExamen. {"metadata":{"emulator":{"name":"functions"},"message":"Loaded functions definitions from source: calificarExamen."}}
[debug] [2025-05-28T20:21:12.802Z] [worker-pool] Shutting down IDLE worker (us-central1-calificarExamen) {"metadata":{"emulator":{"name":"functions"},"message":"[worker-pool] Shutting down IDLE worker (us-central1-calificarExamen)"}}
[debug] [2025-05-28T20:21:12.802Z] [worker-us-central1-calificarExamen-98469dcd-0b1f-4e16-9dea-672fa4c4974b]: FINISHING {"metadata":{"emulator":{"name":"functions"},"function":{"name":"us-central1-calificarExamen"},"extension":{},"message":"[worker-us-central1-calificarExamen-98469dcd-0b1f-4e16-9dea-672fa4c4974b]: FINISHING"}}
[debug] [2025-05-28T20:21:12.817Z] [worker-us-central1-calificarExamen-98469dcd-0b1f-4e16-9dea-672fa4c4974b]: exited {"metadata":{"emulator":{"name":"functions"},"function":{"name":"us-central1-calificarExamen"},"extension":{},"message":"[worker-us-central1-calificarExamen-98469dcd-0b1f-4e16-9dea-672fa4c4974b]: exited"}}
[debug] [2025-05-28T20:21:12.817Z] [worker-us-central1-calificarExamen-98469dcd-0b1f-4e16-9dea-672fa4c4974b]: FINISHED {"metadata":{"emulator":{"name":"functions"},"function":{"name":"us-central1-calificarExamen"},"extension":{},"message":"[worker-us-central1-calificarExamen-98469dcd-0b1f-4e16-9dea-672fa4c4974b]: FINISHED"}}
[debug] [2025-05-28T20:23:37.760Z] File D:\RESIDENCIAS11\app-escaner\functions\index.js changed, reloading triggers {"metadata":{"emulator":{"name":"functions"},"message":"File D:\\RESIDENCIAS11\\app-escaner\\functions\\index.js changed, reloading triggers"}}
[debug] [2025-05-28T20:23:38.767Z] Validating nodejs source
[debug] [2025-05-28T20:23:39.977Z] > [functions] package.json contents: {
  "name": "functions",
  "description": "Cloud Functions for Firebase",
  "scripts": {
    "lint": "eslint . --fix",
    "lint:check": "eslint .",
    "serve": "firebase emulators:start --only functions",
    "shell": "firebase functions:shell",
    "start": "npm run shell",
    "deploy": "firebase deploy --only functions",
    "logs": "firebase functions:log",
    "test": "mocha"
  },
  "engines": {
    "node": "22"
  },
  "main": "index.js",
  "dependencies": {
    "axios": "^1.9.0",
    "canvas": "^3.1.0",
    "faker": "^5.5.3",
    "firebase-admin": "^12.7.0",
    "firebase-functions": "^6.3.2",
    "jimp": "^1.6.0"
  },
  "devDependencies": {
    "@typescript-eslint/eslint-plugin": "^8.33.0",
    "@typescript-eslint/parser": "^8.33.0",
    "eslint": "^8.57.1",
    "eslint-config-google": "^0.14.0",
    "eslint-plugin-mocha": "^10.1.0",
    "firebase-functions-test": "^3.1.0",
    "mocha": "^10.4.0"
  },
  "private": true
}
[debug] [2025-05-28T20:23:39.977Z] Building nodejs source
[debug] [2025-05-28T20:23:39.978Z] Failed to find version of module node: reached end of search path D:\RESIDENCIAS11\app-escaner\functions\node_modules
[warn] !  functions: Your requested "node" version "22" doesn't match your global version "20". Using node@20 from host. 
[debug] [2025-05-28T20:23:39.979Z] Could not find functions.yaml. Must use http discovery
[debug] [2025-05-28T20:23:39.988Z] Found firebase-functions binary at 'D:\RESIDENCIAS11\app-escaner\functions\node_modules\.bin\firebase-functions'
[info] Serving at port 8550

[debug] [2025-05-28T20:23:41.619Z] Got response from /__/functions.yaml {"endpoints":{"calificarExamen":{"availableMemoryMb":null,"timeoutSeconds":null,"minInstances":null,"maxInstances":null,"ingressSettings":null,"concurrency":null,"serviceAccountEmail":null,"vpc":null,"platform":"gcfv2","labels":{},"callableTrigger":{},"entryPoint":"calificarExamen"}},"specVersion":"v1alpha1","requiredAPIs":[],"extensions":{}}
[info] +  functions: Loaded functions definitions from source: calificarExamen. {"metadata":{"emulator":{"name":"functions"},"message":"Loaded functions definitions from source: calificarExamen."}}
